<?xml version="1.0" encoding="UTF-8"?>
<!-- Generated by org.testng.reporters.JUnitReportReporter -->
<testsuite hostname="DESKTOP-GJDTGS7" failures="0" tests="1" name="com.ToolsQA.TestsPackages.BookStoreTests.LogInTest" time="17.490" errors="0" timestamp="2022-02-02T17:33:08 CET" skipped="0">
  <testcase classname="com.ToolsQA.TestsPackages.BookStoreTests.LogInTest" name="logInHappyPath" time="17.490"/>
  <system-out/>
</testsuite> <!-- com.ToolsQA.TestsPackages.BookStoreTests.LogInTest -->
