<?xml version="1.0" encoding="UTF-8"?>
<!-- Generated by org.testng.reporters.JUnitReportReporter -->
<testsuite hostname="DESKTOP-GJDTGS7" failures="0" tests="1" name="com.CandA.TestsClasses.LogInTest" time="14.160" errors="0" timestamp="2022-02-02T15:22:55 CET" skipped="0">
  <testcase classname="com.CandA.TestsClasses.LogInTest" name="logInHappyPath" time="14.160"/>
  <system-out/>
</testsuite> <!-- com.CandA.TestsClasses.LogInTest -->
